2026.05.19 14:08:58 WARN  Using H2 2.4.240 which is newer than the version Flyway has been verified with. The latest verified version of H2 is 2.3.232.
2026.05.19 14:08:59 WARN  no build tool detected in workspace 'C:\Users\Maxence\eclipse-workspace\nl.tue.dsldesign.turtle'. The most common cause for this problem is that the editor was opened in the wrong working directory, for example if you use sbt then the workspace directory should contain build.sbt. 
2026.05.19 14:08:59 WARN  Build server is not auto-connectable.
2026.05.19 14:08:59 WARN  no build target for: C:\Users\Maxence\eclipse-workspace\nl.tue.dsldesign.turtle\src-gen\nl\tue\dsldesign\turtle\util\TurtleAdapterFactory.java
2026.05.19 14:08:59 WARN  no build target for: C:\Users\Maxence\eclipse-workspace\nl.tue.dsldesign.turtle\src-gen\nl\tue\dsldesign\turtle\TurtlePackage.java
2026.05.19 14:08:59 WARN  no build target for: C:\Users\Maxence\eclipse-workspace\nl.tue.dsldesign.turtle\src-gen\nl\tue\dsldesign\turtle\TurtleFactory.java
2026.05.19 14:08:59 WARN  no build target for: C:\Users\Maxence\eclipse-workspace\nl.tue.dsldesign.turtle\src-gen\nl\tue\dsldesign\turtle\Statement.java
2026.05.19 14:08:59 WARN  no build target for: C:\Users\Maxence\eclipse-workspace\nl.tue.dsldesign.turtle\src-gen\nl\tue\dsldesign\turtle\util\TurtleSwitch.java
2026.05.19 14:11:37 INFO  no build target found for C:\Users\Maxence\eclipse-workspace\nl.tue.dsldesign.turtle\src-gen\nl\tue\dsldesign\turtle\Statement.java. Using fallback presentation compiler.
2026.05.19 14:11:38 INFO  no build target found for C:\Users\Maxence\eclipse-workspace\nl.tue.dsldesign.turtle\src-gen\nl\tue\dsldesign\turtle\TurtleFactory.java. Using fallback presentation compiler.
2026.05.19 14:11:38 INFO  no build target found for C:\Users\Maxence\eclipse-workspace\nl.tue.dsldesign.turtle\src-gen\nl\tue\dsldesign\turtle\TurtlePackage.java. Using fallback presentation compiler.
2026.05.19 14:11:38 INFO  no build target found for C:\Users\Maxence\eclipse-workspace\nl.tue.dsldesign.turtle\src-gen\nl\tue\dsldesign\turtle\util\TurtleAdapterFactory.java. Using fallback presentation compiler.
2026.05.19 14:11:38 INFO  no build target found for C:\Users\Maxence\eclipse-workspace\nl.tue.dsldesign.turtle\src-gen\nl\tue\dsldesign\turtle\util\TurtleSwitch.java. Using fallback presentation compiler.
2026.05.19 14:12:24 WARN  no build target for: C:\Users\Maxence\eclipse-workspace\nl.tue.dsldesign.turtle\src-gen\nl\tue\dsldesign\turtle\Statement.java
2026.05.19 14:12:24 INFO  no build target found for C:\Users\Maxence\eclipse-workspace\nl.tue.dsldesign.turtle\src-gen\nl\tue\dsldesign\turtle\Statement.java. Using fallback presentation compiler.
2026.05.19 14:12:25 WARN  no build target for: C:\Users\Maxence\eclipse-workspace\nl.tue.dsldesign.turtle\src-gen\nl\tue\dsldesign\turtle\TurtleFactory.java
2026.05.19 14:12:24 INFO  no build target found for C:\Users\Maxence\eclipse-workspace\nl.tue.dsldesign.turtle\src-gen\nl\tue\dsldesign\turtle\TurtleFactory.java. Using fallback presentation compiler.
2026.05.19 14:12:25 WARN  no build target for: C:\Users\Maxence\eclipse-workspace\nl.tue.dsldesign.turtle\src-gen\nl\tue\dsldesign\turtle\TurtlePackage.java
2026.05.19 14:12:25 INFO  no build target found for C:\Users\Maxence\eclipse-workspace\nl.tue.dsldesign.turtle\src-gen\nl\tue\dsldesign\turtle\TurtlePackage.java. Using fallback presentation compiler.
2026.05.19 14:12:25 WARN  no build target for: C:\Users\Maxence\eclipse-workspace\nl.tue.dsldesign.turtle\src-gen\nl\tue\dsldesign\turtle\util\TurtleAdapterFactory.java
2026.05.19 14:12:25 INFO  no build target found for C:\Users\Maxence\eclipse-workspace\nl.tue.dsldesign.turtle\src-gen\nl\tue\dsldesign\turtle\util\TurtleAdapterFactory.java. Using fallback presentation compiler.
2026.05.19 14:12:26 WARN  no build target for: C:\Users\Maxence\eclipse-workspace\nl.tue.dsldesign.turtle\src-gen\nl\tue\dsldesign\turtle\util\TurtleSwitch.java
2026.05.19 14:12:26 INFO  no build target found for C:\Users\Maxence\eclipse-workspace\nl.tue.dsldesign.turtle\src-gen\nl\tue\dsldesign\turtle\util\TurtleSwitch.java. Using fallback presentation compiler.
2026.05.19 14:15:24 INFO  no build target found for C:\Users\Maxence\eclipse-workspace\nl.tue.dsldesign.turtle\src-gen\nl\tue\dsldesign\turtle\Statement.java. Using fallback presentation compiler.
2026.05.19 14:15:24 INFO  no build target found for C:\Users\Maxence\eclipse-workspace\nl.tue.dsldesign.turtle\src-gen\nl\tue\dsldesign\turtle\TurtleFactory.java. Using fallback presentation compiler.
2026.05.19 14:15:24 INFO  no build target found for C:\Users\Maxence\eclipse-workspace\nl.tue.dsldesign.turtle\src-gen\nl\tue\dsldesign\turtle\TurtlePackage.java. Using fallback presentation compiler.
2026.05.19 14:15:25 INFO  no build target found for C:\Users\Maxence\eclipse-workspace\nl.tue.dsldesign.turtle\src-gen\nl\tue\dsldesign\turtle\util\TurtleAdapterFactory.java. Using fallback presentation compiler.
2026.05.19 14:15:25 INFO  no build target found for C:\Users\Maxence\eclipse-workspace\nl.tue.dsldesign.turtle\src-gen\nl\tue\dsldesign\turtle\util\TurtleSwitch.java. Using fallback presentation compiler.
2026.05.19 14:15:56 WARN  no build target for: C:\Users\Maxence\eclipse-workspace\nl.tue.dsldesign.turtle\src-gen\nl\tue\dsldesign\turtle\Statement.java
2026.05.19 14:15:56 INFO  no build target found for C:\Users\Maxence\eclipse-workspace\nl.tue.dsldesign.turtle\src-gen\nl\tue\dsldesign\turtle\Statement.java. Using fallback presentation compiler.
2026.05.19 14:15:57 WARN  no build target for: C:\Users\Maxence\eclipse-workspace\nl.tue.dsldesign.turtle\src-gen\nl\tue\dsldesign\turtle\TurtlePackage.java
2026.05.19 14:15:57 INFO  no build target found for C:\Users\Maxence\eclipse-workspace\nl.tue.dsldesign.turtle\src-gen\nl\tue\dsldesign\turtle\TurtlePackage.java. Using fallback presentation compiler.
2026.05.19 14:15:57 WARN  no build target for: C:\Users\Maxence\eclipse-workspace\nl.tue.dsldesign.turtle\src-gen\nl\tue\dsldesign\turtle\TurtleFactory.java
2026.05.19 14:15:56 INFO  no build target found for C:\Users\Maxence\eclipse-workspace\nl.tue.dsldesign.turtle\src-gen\nl\tue\dsldesign\turtle\TurtleFactory.java. Using fallback presentation compiler.
2026.05.19 14:15:56 WARN  no build target for: C:\Users\Maxence\eclipse-workspace\nl.tue.dsldesign.turtle\src-gen\nl\tue\dsldesign\turtle\util\TurtleAdapterFactory.java
2026.05.19 14:15:57 INFO  no build target found for C:\Users\Maxence\eclipse-workspace\nl.tue.dsldesign.turtle\src-gen\nl\tue\dsldesign\turtle\util\TurtleAdapterFactory.java. Using fallback presentation compiler.
2026.05.19 14:15:56 INFO  no build target found for C:\Users\Maxence\eclipse-workspace\nl.tue.dsldesign.turtle\src-gen\nl\tue\dsldesign\turtle\Statement.java. Using fallback presentation compiler.
2026.05.19 14:15:57 INFO  no build target found for C:\Users\Maxence\eclipse-workspace\nl.tue.dsldesign.turtle\src-gen\nl\tue\dsldesign\turtle\TurtlePackage.java. Using fallback presentation compiler.
2026.05.19 14:15:57 WARN  no build target for: C:\Users\Maxence\eclipse-workspace\nl.tue.dsldesign.turtle\src-gen\nl\tue\dsldesign\turtle\util\TurtleSwitch.java
2026.05.19 14:15:58 INFO  no build target found for C:\Users\Maxence\eclipse-workspace\nl.tue.dsldesign.turtle\src-gen\nl\tue\dsldesign\turtle\util\TurtleSwitch.java. Using fallback presentation compiler.
2026.05.19 14:15:57 INFO  no build target found for C:\Users\Maxence\eclipse-workspace\nl.tue.dsldesign.turtle\src-gen\nl\tue\dsldesign\turtle\TurtleFactory.java. Using fallback presentation compiler.
2026.05.19 14:15:58 INFO  no build target found for C:\Users\Maxence\eclipse-workspace\nl.tue.dsldesign.turtle\src-gen\nl\tue\dsldesign\turtle\util\TurtleAdapterFactory.java. Using fallback presentation compiler.
2026.05.19 14:15:58 INFO  no build target found for C:\Users\Maxence\eclipse-workspace\nl.tue.dsldesign.turtle\src-gen\nl\tue\dsldesign\turtle\util\TurtleSwitch.java. Using fallback presentation compiler.
2026.05.19 14:17:17 INFO  Shutting down server
2026.05.19 14:17:17 INFO  Memory monitor stopped
2026.05.19 14:17:17 INFO  shutting down Metals
2026.05.19 14:17:17 INFO  Exiting server
2026.05.19 14:22:29 INFO  Started: Metals version 1.6.7 in folders 'C:\Users\Maxence\eclipse-workspace\nl.tue.dsldesign.turtle' for client Visual Studio Code 1.120.0.
2026.05.19 14:22:29 INFO  Memory monitor started
2026.05.19 14:22:31 WARN  Using H2 2.4.240 which is newer than the version Flyway has been verified with. The latest verified version of H2 is 2.3.232.
2026.05.19 14:22:31 WARN  no build tool detected in workspace 'C:\Users\Maxence\eclipse-workspace\nl.tue.dsldesign.turtle'. The most common cause for this problem is that the editor was opened in the wrong working directory, for example if you use sbt then the workspace directory should contain build.sbt. 
2026.05.19 14:22:32 WARN  Build server is not auto-connectable.
2026.05.19 14:22:32 WARN  no build target for: C:\Users\Maxence\eclipse-workspace\nl.tue.dsldesign.turtle\src-gen\nl\tue\dsldesign\turtle\TurtleFactory.java
2026.05.19 14:22:32 WARN  no build target for: C:\Users\Maxence\eclipse-workspace\nl.tue.dsldesign.turtle\src-gen\nl\tue\dsldesign\turtle\TurtlePackage.java
2026.05.19 14:22:32 WARN  no build target for: C:\Users\Maxence\eclipse-workspace\nl.tue.dsldesign.turtle\src-gen\nl\tue\dsldesign\turtle\util\TurtleAdapterFactory.java
2026.05.19 14:22:32 WARN  no build target for: C:\Users\Maxence\eclipse-workspace\nl.tue.dsldesign.turtle\src-gen\nl\tue\dsldesign\turtle\util\TurtleSwitch.java
2026.05.19 14:22:32 WARN  no build target for: C:\Users\Maxence\eclipse-workspace\nl.tue.dsldesign.turtle\src-gen\nl\tue\dsldesign\turtle\Statement.java
2026.05.19 14:25:23 INFO  no build target found for C:\Users\Maxence\eclipse-workspace\nl.tue.dsldesign.turtle\src-gen\nl\tue\dsldesign\turtle\Statement.java. Using fallback presentation compiler.
2026.05.19 14:25:23 INFO  no build target found for C:\Users\Maxence\eclipse-workspace\nl.tue.dsldesign.turtle\src-gen\nl\tue\dsldesign\turtle\TurtleFactory.java. Using fallback presentation compiler.
2026.05.19 14:25:24 INFO  no build target found for C:\Users\Maxence\eclipse-workspace\nl.tue.dsldesign.turtle\src-gen\nl\tue\dsldesign\turtle\TurtlePackage.java. Using fallback presentation compiler.
2026.05.19 14:25:24 INFO  no build target found for C:\Users\Maxence\eclipse-workspace\nl.tue.dsldesign.turtle\src-gen\nl\tue\dsldesign\turtle\util\TurtleAdapterFactory.java. Using fallback presentation compiler.
2026.05.19 14:25:24 INFO  no build target found for C:\Users\Maxence\eclipse-workspace\nl.tue.dsldesign.turtle\src-gen\nl\tue\dsldesign\turtle\util\TurtleSwitch.java. Using fallback presentation compiler.
2026.05.19 14:36:33 WARN  no build target for: C:\Users\Maxence\eclipse-workspace\nl.tue.dsldesign.turtle\src-gen\nl\tue\dsldesign\turtle\Statement.java
2026.05.19 14:36:33 INFO  no build target found for C:\Users\Maxence\eclipse-workspace\nl.tue.dsldesign.turtle\src-gen\nl\tue\dsldesign\turtle\Statement.java. Using fallback presentation compiler.
2026.05.19 14:36:33 WARN  no build target for: C:\Users\Maxence\eclipse-workspace\nl.tue.dsldesign.turtle\src-gen\nl\tue\dsldesign\turtle\TurtlePackage.java
2026.05.19 14:36:33 INFO  no build target found for C:\Users\Maxence\eclipse-workspace\nl.tue.dsldesign.turtle\src-gen\nl\tue\dsldesign\turtle\TurtlePackage.java. Using fallback presentation compiler.
2026.05.19 14:36:33 INFO  no build target found for C:\Users\Maxence\eclipse-workspace\nl.tue.dsldesign.turtle\src-gen\nl\tue\dsldesign\turtle\TurtlePackage.java. Using fallback presentation compiler.
2026.05.19 14:36:33 INFO  no build target found for C:\Users\Maxence\eclipse-workspace\nl.tue.dsldesign.turtle\src-gen\nl\tue\dsldesign\turtle\Statement.java. Using fallback presentation compiler.
2026.05.19 14:36:33 WARN  no build target for: C:\Users\Maxence\eclipse-workspace\nl.tue.dsldesign.turtle\src-gen\nl\tue\dsldesign\turtle\TurtleFactory.java
2026.05.19 14:36:34 INFO  no build target found for C:\Users\Maxence\eclipse-workspace\nl.tue.dsldesign.turtle\src-gen\nl\tue\dsldesign\turtle\TurtleFactory.java. Using fallback presentation compiler.
2026.05.19 14:36:33 INFO  no build target found for C:\Users\Maxence\eclipse-workspace\nl.tue.dsldesign.turtle\src-gen\nl\tue\dsldesign\turtle\TurtleFactory.java. Using fallback presentation compiler.
2026.05.19 14:36:33 INFO  no build target found for C:\Users\Maxence\eclipse-workspace\nl.tue.dsldesign.turtle\src-gen\nl\tue\dsldesign\turtle\TurtlePackage.java. Using fallback presentation compiler.
2026.05.19 14:36:33 INFO  no build target found for C:\Users\Maxence\eclipse-workspace\nl.tue.dsldesign.turtle\src-gen\nl\tue\dsldesign\turtle\TurtlePackage.java. Using fallback presentation compiler.
2026.05.19 14:36:34 WARN  no build target for: C:\Users\Maxence\eclipse-workspace\nl.tue.dsldesign.turtle\src-gen\nl\tue\dsldesign\turtle\util\TurtleAdapterFactory.java
2026.05.19 14:36:34 INFO  no build target found for C:\Users\Maxence\eclipse-workspace\nl.tue.dsldesign.turtle\src-gen\nl\tue\dsldesign\turtle\util\TurtleAdapterFactory.java. Using fallback presentation compiler.
2026.05.19 14:36:34 INFO  no build target found for C:\Users\Maxence\eclipse-workspace\nl.tue.dsldesign.turtle\src-gen\nl\tue\dsldesign\turtle\util\TurtleAdapterFactory.java. Using fallback presentation compiler.
2026.05.19 14:36:34 INFO  no build target found for C:\Users\Maxence\eclipse-workspace\nl.tue.dsldesign.turtle\src-gen\nl\tue\dsldesign\turtle\Statement.java. Using fallback presentation compiler.
2026.05.19 14:36:34 INFO  no build target found for C:\Users\Maxence\eclipse-workspace\nl.tue.dsldesign.turtle\src-gen\nl\tue\dsldesign\turtle\Statement.java. Using fallback presentation compiler.
2026.05.19 14:36:34 INFO  no build target found for C:\Users\Maxence\eclipse-workspace\nl.tue.dsldesign.turtle\src-gen\nl\tue\dsldesign\turtle\TurtleFactory.java. Using fallback presentation compiler.
2026.05.19 14:36:34 INFO  no build target found for C:\Users\Maxence\eclipse-workspace\nl.tue.dsldesign.turtle\src-gen\nl\tue\dsldesign\turtle\TurtleFactory.java. Using fallback presentation compiler.
2026.05.19 14:36:34 INFO  no build target found for C:\Users\Maxence\eclipse-workspace\nl.tue.dsldesign.turtle\src-gen\nl\tue\dsldesign\turtle\TurtlePackage.java. Using fallback presentation compiler.
2026.05.19 14:36:34 WARN  no build target for: C:\Users\Maxence\eclipse-workspace\nl.tue.dsldesign.turtle\src-gen\nl\tue\dsldesign\turtle\util\TurtleSwitch.java
2026.05.19 14:36:35 INFO  empty definition using pc, found symbol in pc: org/eclipse/emf/ecore/EPackage# (full report at: "C:\Users\Maxence\eclipse-workspace\nl.tue.dsldesign.turtle\.metals\.reports\metals-full\2026-05-19\r_empty-definition_14-36-35-435.md")
2026.05.19 14:36:35 INFO  Created report: Optional[file:///C:/Users/Maxence/eclipse-workspace/nl.tue.dsldesign.turtle/src-gen/nl/tue/dsldesign/turtle/TurtlePackage.java]
2026.05.19 14:36:35 INFO  empty definition using pc, found symbol in pc: org/eclipse/emf/ecore/EPackage# (full report at: "C:\Users\Maxence\eclipse-workspace\nl.tue.dsldesign.turtle\.metals\.reports\metals-full\2026-05-19\r_empty-definition_14-36-35-435.md")
2026.05.19 14:36:35 INFO  no build target found for C:\Users\Maxence\eclipse-workspace\nl.tue.dsldesign.turtle\src-gen\nl\tue\dsldesign\turtle\util\TurtleSwitch.java. Using fallback presentation compiler.
2026.05.19 14:36:35 INFO  no build target found for C:\Users\Maxence\eclipse-workspace\nl.tue.dsldesign.turtle\src-gen\nl\tue\dsldesign\turtle\util\TurtleSwitch.java. Using fallback presentation compiler.
2026.05.19 14:36:35 INFO  no build target found for C:\Users\Maxence\eclipse-workspace\nl.tue.dsldesign.turtle\src-gen\nl\tue\dsldesign\turtle\TurtlePackage.java. Using fallback presentation compiler.
2026.05.19 14:36:35 INFO  no build target found for C:\Users\Maxence\eclipse-workspace\nl.tue.dsldesign.turtle\src-gen\nl\tue\dsldesign\turtle\util\TurtleAdapterFactory.java. Using fallback presentation compiler.
2026.05.19 14:36:35 INFO  no build target found for C:\Users\Maxence\eclipse-workspace\nl.tue.dsldesign.turtle\src-gen\nl\tue\dsldesign\turtle\util\TurtleSwitch.java. Using fallback presentation compiler.
2026.05.19 14:36:34 INFO  no build target found for C:\Users\Maxence\eclipse-workspace\nl.tue.dsldesign.turtle\src-gen\nl\tue\dsldesign\turtle\util\TurtleSwitch.java. Using fallback presentation compiler.
2026.05.19 14:36:35 INFO  no build target found for C:\Users\Maxence\eclipse-workspace\nl.tue.dsldesign.turtle\src-gen\nl\tue\dsldesign\turtle\util\TurtleSwitch.java. Using fallback presentation compiler.
2026.05.19 14:36:35 INFO  no build target found for C:\Users\Maxence\eclipse-workspace\nl.tue.dsldesign.turtle\src-gen\nl\tue\dsldesign\turtle\util\TurtleAdapterFactory.java. Using fallback presentation compiler.
2026.05.19 14:36:35 INFO  empty definition using pc, found symbol in pc: org/eclipse/emf/ecore/EPackage# (full report at: "C:\Users\Maxence\eclipse-workspace\nl.tue.dsldesign.turtle\.metals\.reports\metals-full\2026-05-19\r_empty-definition_14-36-35-788.md")
2026.05.19 14:36:35 INFO  Created report: Optional[file:///C:/Users/Maxence/eclipse-workspace/nl.tue.dsldesign.turtle/src-gen/nl/tue/dsldesign/turtle/util/TurtleSwitch.java]
2026.05.19 14:36:35 INFO  empty definition using pc, found symbol in pc: org/eclipse/emf/ecore/EPackage# (full report at: "C:\Users\Maxence\eclipse-workspace\nl.tue.dsldesign.turtle\.metals\.reports\metals-full\2026-05-19\r_empty-definition_14-36-35-788.md")
2026.05.19 14:36:35 INFO  no build target found for C:\Users\Maxence\eclipse-workspace\nl.tue.dsldesign.turtle\src-gen\nl\tue\dsldesign\turtle\util\TurtleSwitch.java. Using fallback presentation compiler.
2026.05.19 14:39:32 INFO  no build target found for C:\Users\Maxence\eclipse-workspace\nl.tue.dsldesign.turtle\src-gen\nl\tue\dsldesign\turtle\Statement.java. Using fallback presentation compiler.
2026.05.19 14:39:32 INFO  no build target found for C:\Users\Maxence\eclipse-workspace\nl.tue.dsldesign.turtle\src-gen\nl\tue\dsldesign\turtle\TurtlePackage.java. Using fallback presentation compiler.
2026.05.19 14:39:32 INFO  no build target found for C:\Users\Maxence\eclipse-workspace\nl.tue.dsldesign.turtle\src-gen\nl\tue\dsldesign\turtle\TurtleFactory.java. Using fallback presentation compiler.
2026.05.19 14:39:34 INFO  no build target found for C:\Users\Maxence\eclipse-workspace\nl.tue.dsldesign.turtle\src-gen\nl\tue\dsldesign\turtle\util\TurtleAdapterFactory.java. Using fallback presentation compiler.
2026.05.19 14:39:34 INFO  no build target found for C:\Users\Maxence\eclipse-workspace\nl.tue.dsldesign.turtle\src-gen\nl\tue\dsldesign\turtle\util\TurtleSwitch.java. Using fallback presentation compiler.
2026.05.19 14:43:36 WARN  no build target for: C:\Users\Maxence\eclipse-workspace\nl.tue.dsldesign.turtle\src-gen\nl\tue\dsldesign\turtle\Statement.java
2026.05.19 14:43:36 INFO  no build target found for C:\Users\Maxence\eclipse-workspace\nl.tue.dsldesign.turtle\src-gen\nl\tue\dsldesign\turtle\Statement.java. Using fallback presentation compiler.
2026.05.19 14:43:36 WARN  no build target for: C:\Users\Maxence\eclipse-workspace\nl.tue.dsldesign.turtle\src-gen\nl\tue\dsldesign\turtle\TurtleFactory.java
2026.05.19 14:43:37 INFO  no build target found for C:\Users\Maxence\eclipse-workspace\nl.tue.dsldesign.turtle\src-gen\nl\tue\dsldesign\turtle\TurtleFactory.java. Using fallback presentation compiler.
2026.05.19 14:43:37 WARN  no build target for: C:\Users\Maxence\eclipse-workspace\nl.tue.dsldesign.turtle\src-gen\nl\tue\dsldesign\turtle\TurtlePackage.java
2026.05.19 14:43:37 INFO  no build target found for C:\Users\Maxence\eclipse-workspace\nl.tue.dsldesign.turtle\src-gen\nl\tue\dsldesign\turtle\TurtlePackage.java. Using fallback presentation compiler.
2026.05.19 14:43:37 WARN  no build target for: C:\Users\Maxence\eclipse-workspace\nl.tue.dsldesign.turtle\src-gen\nl\tue\dsldesign\turtle\util\TurtleAdapterFactory.java
2026.05.19 14:43:38 INFO  no build target found for C:\Users\Maxence\eclipse-workspace\nl.tue.dsldesign.turtle\src-gen\nl\tue\dsldesign\turtle\util\TurtleAdapterFactory.java. Using fallback presentation compiler.
2026.05.19 14:43:38 WARN  no build target for: C:\Users\Maxence\eclipse-workspace\nl.tue.dsldesign.turtle\src-gen\nl\tue\dsldesign\turtle\util\TurtleSwitch.java
2026.05.19 14:43:38 INFO  no build target found for C:\Users\Maxence\eclipse-workspace\nl.tue.dsldesign.turtle\src-gen\nl\tue\dsldesign\turtle\util\TurtleSwitch.java. Using fallback presentation compiler.
2026.05.19 14:43:38 INFO  no build target found for C:\Users\Maxence\eclipse-workspace\nl.tue.dsldesign.turtle\src-gen\nl\tue\dsldesign\turtle\Statement.java. Using fallback presentation compiler.
2026.05.19 14:43:38 INFO  no build target found for C:\Users\Maxence\eclipse-workspace\nl.tue.dsldesign.turtle\src-gen\nl\tue\dsldesign\turtle\TurtleFactory.java. Using fallback presentation compiler.
2026.05.19 14:43:38 INFO  no build target found for C:\Users\Maxence\eclipse-workspace\nl.tue.dsldesign.turtle\src-gen\nl\tue\dsldesign\turtle\TurtlePackage.java. Using fallback presentation compiler.
2026.05.19 14:43:38 INFO  no build target found for C:\Users\Maxence\eclipse-workspace\nl.tue.dsldesign.turtle\src-gen\nl\tue\dsldesign\turtle\util\TurtleAdapterFactory.java. Using fallback presentation compiler.
2026.05.19 14:43:38 INFO  no build target found for C:\Users\Maxence\eclipse-workspace\nl.tue.dsldesign.turtle\src-gen\nl\tue\dsldesign\turtle\util\TurtleSwitch.java. Using fallback presentation compiler.
2026.05.19 14:46:36 INFO  no build target found for C:\Users\Maxence\eclipse-workspace\nl.tue.dsldesign.turtle\src-gen\nl\tue\dsldesign\turtle\Statement.java. Using fallback presentation compiler.
2026.05.19 14:46:36 INFO  no build target found for C:\Users\Maxence\eclipse-workspace\nl.tue.dsldesign.turtle\src-gen\nl\tue\dsldesign\turtle\TurtleFactory.java. Using fallback presentation compiler.
2026.05.19 14:46:36 INFO  no build target found for C:\Users\Maxence\eclipse-workspace\nl.tue.dsldesign.turtle\src-gen\nl\tue\dsldesign\turtle\TurtlePackage.java. Using fallback presentation compiler.
2026.05.19 14:46:36 INFO  no build target found for C:\Users\Maxence\eclipse-workspace\nl.tue.dsldesign.turtle\src-gen\nl\tue\dsldesign\turtle\util\TurtleAdapterFactory.java. Using fallback presentation compiler.
2026.05.19 14:46:38 INFO  no build target found for C:\Users\Maxence\eclipse-workspace\nl.tue.dsldesign.turtle\src-gen\nl\tue\dsldesign\turtle\util\TurtleSwitch.java. Using fallback presentation compiler.
2026.05.19 14:49:58 WARN  no build target for: C:\Users\Maxence\eclipse-workspace\nl.tue.dsldesign.turtle\src-gen\nl\tue\dsldesign\turtle\Statement.java
2026.05.19 14:49:58 INFO  no build target found for C:\Users\Maxence\eclipse-workspace\nl.tue.dsldesign.turtle\src-gen\nl\tue\dsldesign\turtle\Statement.java. Using fallback presentation compiler.
2026.05.19 14:49:58 INFO  no build target found for C:\Users\Maxence\eclipse-workspace\nl.tue.dsldesign.turtle\src-gen\nl\tue\dsldesign\turtle\Statement.java. Using fallback presentation compiler.
2026.05.19 14:49:58 WARN  no build target for: C:\Users\Maxence\eclipse-workspace\nl.tue.dsldesign.turtle\src-gen\nl\tue\dsldesign\turtle\TurtleFactory.java
2026.05.19 14:49:58 INFO  no build target found for C:\Users\Maxence\eclipse-workspace\nl.tue.dsldesign.turtle\src-gen\nl\tue\dsldesign\turtle\TurtleFactory.java. Using fallback presentation compiler.
2026.05.19 14:49:58 INFO  no build target found for C:\Users\Maxence\eclipse-workspace\nl.tue.dsldesign.turtle\src-gen\nl\tue\dsldesign\turtle\TurtleFactory.java. Using fallback presentation compiler.
2026.05.19 14:49:58 INFO  no build target found for C:\Users\Maxence\eclipse-workspace\nl.tue.dsldesign.turtle\src-gen\nl\tue\dsldesign\turtle\Statement.java. Using fallback presentation compiler.
2026.05.19 14:49:58 WARN  no build target for: C:\Users\Maxence\eclipse-workspace\nl.tue.dsldesign.turtle\src-gen\nl\tue\dsldesign\turtle\TurtlePackage.java
2026.05.19 14:49:59 INFO  no build target found for C:\Users\Maxence\eclipse-workspace\nl.tue.dsldesign.turtle\src-gen\nl\tue\dsldesign\turtle\TurtlePackage.java. Using fallback presentation compiler.
2026.05.19 14:49:59 INFO  no build target found for C:\Users\Maxence\eclipse-workspace\nl.tue.dsldesign.turtle\src-gen\nl\tue\dsldesign\turtle\TurtleFactory.java. Using fallback presentation compiler.
2026.05.19 14:49:58 INFO  no build target found for C:\Users\Maxence\eclipse-workspace\nl.tue.dsldesign.turtle\src-gen\nl\tue\dsldesign\turtle\TurtlePackage.java. Using fallback presentation compiler.
2026.05.19 14:49:59 INFO  no build target found for C:\Users\Maxence\eclipse-workspace\nl.tue.dsldesign.turtle\src-gen\nl\tue\dsldesign\turtle\TurtlePackage.java. Using fallback presentation compiler.
2026.05.19 14:49:58 WARN  no build target for: C:\Users\Maxence\eclipse-workspace\nl.tue.dsldesign.turtle\src-gen\nl\tue\dsldesign\turtle\util\TurtleSwitch.java
2026.05.19 14:49:59 INFO  no build target found for C:\Users\Maxence\eclipse-workspace\nl.tue.dsldesign.turtle\src-gen\nl\tue\dsldesign\turtle\util\TurtleSwitch.java. Using fallback presentation compiler.
2026.05.19 14:49:59 WARN  no build target for: C:\Users\Maxence\eclipse-workspace\nl.tue.dsldesign.turtle\src-gen\nl\tue\dsldesign\turtle\util\TurtleAdapterFactory.java
2026.05.19 14:50:00 INFO  no build target found for C:\Users\Maxence\eclipse-workspace\nl.tue.dsldesign.turtle\src-gen\nl\tue\dsldesign\turtle\util\TurtleAdapterFactory.java. Using fallback presentation compiler.
2026.05.19 14:49:59 INFO  no build target found for C:\Users\Maxence\eclipse-workspace\nl.tue.dsldesign.turtle\src-gen\nl\tue\dsldesign\turtle\util\TurtleAdapterFactory.java. Using fallback presentation compiler.
2026.05.19 14:50:00 INFO  no build target found for C:\Users\Maxence\eclipse-workspace\nl.tue.dsldesign.turtle\src-gen\nl\tue\dsldesign\turtle\util\TurtleAdapterFactory.java. Using fallback presentation compiler.
2026.05.19 14:49:59 INFO  no build target found for C:\Users\Maxence\eclipse-workspace\nl.tue.dsldesign.turtle\src-gen\nl\tue\dsldesign\turtle\util\TurtleSwitch.java. Using fallback presentation compiler.
2026.05.19 14:49:59 INFO  no build target found for C:\Users\Maxence\eclipse-workspace\nl.tue.dsldesign.turtle\src-gen\nl\tue\dsldesign\turtle\util\TurtleSwitch.java. Using fallback presentation compiler.
2026.05.19 14:49:59 INFO  no build target found for C:\Users\Maxence\eclipse-workspace\nl.tue.dsldesign.turtle\src-gen\nl\tue\dsldesign\turtle\Statement.java. Using fallback presentation compiler.
2026.05.19 14:49:59 INFO  no build target found for C:\Users\Maxence\eclipse-workspace\nl.tue.dsldesign.turtle\src-gen\nl\tue\dsldesign\turtle\TurtleFactory.java. Using fallback presentation compiler.
2026.05.19 14:50:00 INFO  no build target found for C:\Users\Maxence\eclipse-workspace\nl.tue.dsldesign.turtle\src-gen\nl\tue\dsldesign\turtle\TurtlePackage.java. Using fallback presentation compiler.
2026.05.19 14:50:00 INFO  no build target found for C:\Users\Maxence\eclipse-workspace\nl.tue.dsldesign.turtle\src-gen\nl\tue\dsldesign\turtle\util\TurtleAdapterFactory.java. Using fallback presentation compiler.
2026.05.19 14:49:59 INFO  no build target found for C:\Users\Maxence\eclipse-workspace\nl.tue.dsldesign.turtle\src-gen\nl\tue\dsldesign\turtle\util\TurtleSwitch.java. Using fallback presentation compiler.
mai 19, 2026 2:51:07 PM org.eclipse.lsp4j.jsonrpc.services.GenericEndpoint notify
INFOS: Unsupported notification method: $/setTrace
2026.05.19 14:51:39 INFO  Shutting down server
2026.05.19 14:51:39 INFO  Memory monitor stopped
2026.05.19 14:51:39 INFO  shutting down Metals
2026.05.19 14:51:39 INFO  Exiting server
